<?xml version="1.0" encoding="UTF-8"?>
<!-- Generated by org.testng.reporters.JUnitReportReporter -->
<testsuite hostname="Hrushi" failures="0" tests="1" name="com.qspiders.testcases.button.SubmitClickTest" time="11.210" errors="0" timestamp="2025-05-16T00:52:23 IST" skipped="0">
  <testcase classname="com.qspiders.testcases.button.SubmitClickTest" name="submitClick" time="11.210"/>
</testsuite> <!-- com.qspiders.testcases.button.SubmitClickTest -->
