<?xml version="1.0" encoding="UTF-8"?>
<!-- Generated by org.testng.reporters.JUnitReportReporter -->
<testsuite hostname="Hrushi" failures="0" tests="1" name="com.qspiders.testcases.textfield.TC_05_HidePasswordIcon" time="8.843" errors="0" timestamp="2025-05-13T23:32:15 IST" skipped="0">
  <testcase classname="com.qspiders.testcases.textfield.TC_05_HidePasswordIcon" name="hidePasswordIcon" time="8.843"/>
</testsuite> <!-- com.qspiders.testcases.textfield.TC_05_HidePasswordIcon -->
