<?xml version="1.0" encoding="UTF-8"?>
<!-- Generated by org.testng.reporters.JUnitReportReporter -->
<testsuite hostname="Hrushi" failures="0" tests="1" name="com.qspiders.testcases.button.DisabledTest" time="10.554" errors="0" timestamp="2025-05-16T00:52:23 IST" skipped="0">
  <testcase classname="com.qspiders.testcases.button.DisabledTest" name="disabledTest" time="10.554"/>
</testsuite> <!-- com.qspiders.testcases.button.DisabledTest -->
