<?xml version="1.0" encoding="UTF-8"?>
<!-- Generated by org.testng.reporters.JUnitReportReporter -->
<testsuite hostname="Hrushi" failures="0" tests="1" name="com.qspiders.testcases.textfield.WebElementTest" time="7.894" errors="0" timestamp="2025-05-13T14:53:40 IST" skipped="0">
  <testcase classname="com.qspiders.testcases.textfield.WebElementTest" name="registerUser" time="7.894"/>
</testsuite> <!-- com.qspiders.testcases.textfield.WebElementTest -->
