<?xml version="1.0" encoding="UTF-8"?>
<!-- Generated by org.testng.reporters.JUnitReportReporter -->
<testsuite hostname="Hrushi" failures="0" tests="1" name="com.qspiders.testcases.textfield.GetPlaceholderName" time="5.637" errors="0" timestamp="2025-05-13T14:53:40 IST" skipped="0">
  <testcase classname="com.qspiders.testcases.textfield.GetPlaceholderName" name="placeholderName" time="5.637"/>
</testsuite> <!-- com.qspiders.testcases.textfield.GetPlaceholderName -->
