<?xml version="1.0" encoding="UTF-8"?>
<!-- Generated by org.testng.reporters.JUnitReportReporter -->
<testsuite hostname="Hrushi" failures="0" tests="1" name="com.qspiders.testcases.button.DefaultClick" time="11.704" errors="0" timestamp="2025-05-15T15:54:42 IST" skipped="0">
  <testcase classname="com.qspiders.testcases.button.DefaultClick" name="shoppingRegistrationFeedback" time="11.704"/>
</testsuite> <!-- com.qspiders.testcases.button.DefaultClick -->
