<?xml version="1.0" encoding="UTF-8"?>
<!-- Generated by org.testng.reporters.JUnitReportReporter -->
<testsuite hostname="Hrushi" failures="0" tests="1" name="com.qspiders.testcases.textfield.TC_01_WebElementTest" time="9.962" errors="0" timestamp="2025-05-13T23:32:15 IST" skipped="0">
  <testcase classname="com.qspiders.testcases.textfield.TC_01_WebElementTest" name="registerUser" time="9.962"/>
</testsuite> <!-- com.qspiders.testcases.textfield.TC_01_WebElementTest -->
