<?xml version="1.0" encoding="UTF-8"?>
<!-- Generated by org.testng.reporters.JUnitReportReporter -->
<testsuite hostname="Hrushi" failures="0" tests="1" name="com.qspiders.testcases.textfield.TC_02_CaptureTextFromTextBox" time="12.243" errors="0" timestamp="2025-05-13T23:32:15 IST" skipped="0">
  <testcase classname="com.qspiders.testcases.textfield.TC_02_CaptureTextFromTextBox" name="getTextFromTextBox" time="12.243"/>
</testsuite> <!-- com.qspiders.testcases.textfield.TC_02_CaptureTextFromTextBox -->
