<?xml version="1.0" encoding="UTF-8"?>
<!-- Generated by org.testng.reporters.JUnitReportReporter -->
<testsuite hostname="Hrushi" failures="0" tests="1" name="com.qspiders.testcases.button.ClickOnButtonPage" time="26.094" errors="0" timestamp="2025-05-14T00:53:54 IST" skipped="0">
  <testcase classname="com.qspiders.testcases.button.ClickOnButtonPage" name="clickOnButtonPage" time="26.094"/>
</testsuite> <!-- com.qspiders.testcases.button.ClickOnButtonPage -->
